<?xml version="1.0" encoding="UTF-8"?>
<!-- Generated by org.testng.reporters.JUnitReportReporter -->
<testsuite hostname="DESKTOP-FCBDKCU" failures="0" tests="3" name="paramiterization.Parameter1" time="0.022" errors="0" timestamp="2021-06-27T19:36:37 IST" skipped="0">
  <testcase classname="paramiterization.Parameter1" name="doLogin" time="0.014"/>
  <system-out/>
  <testcase classname="paramiterization.Parameter1" name="doLogin" time="0.003"/>
  <system-out/>
  <testcase classname="paramiterization.Parameter1" name="doLogin" time="0.005"/>
  <system-out/>
</testsuite> <!-- paramiterization.Parameter1 -->
