<?xml version="1.0" encoding="UTF-8"?>
<!-- Generated by org.testng.reporters.JUnitReportReporter -->
<testsuite hostname="DESKTOP-FCBDKCU" failures="0" tests="2" name="paramiterization.TestParallelDataProvider" time="0.051" errors="0" timestamp="2021-06-29T00:46:43 IST" skipped="0">
  <testcase classname="paramiterization.TestParallelDataProvider" name="doLogin" time="0.048"/>
  <system-out/>
  <testcase classname="paramiterization.TestParallelDataProvider" name="doLogin" time="0.003"/>
  <system-out/>
</testsuite> <!-- paramiterization.TestParallelDataProvider -->
