<?xml version="1.0" encoding="UTF-8"?>
<!-- Generated by org.testng.reporters.JUnitReportReporter -->
<testsuite hostname="DESKTOP-FCBDKCU" failures="0" tests="2" name="paramiterization.TestngparamExcel" time="0.027" errors="0" timestamp="2021-06-28T23:55:28 IST" skipped="0">
  <testcase classname="paramiterization.TestngparamExcel" name="doLogin" time="0.020"/>
  <system-out/>
  <testcase classname="paramiterization.TestngparamExcel" name="doLogin" time="0.007"/>
  <system-out/>
</testsuite> <!-- paramiterization.TestngparamExcel -->
