<?xml version="1.0" encoding="UTF-8"?>
<!-- Generated by org.testng.reporters.JUnitReportReporter -->
<testsuite hostname="DESKTOP-FCBDKCU" failures="0" tests="3" name="testcasses.Test2" time="0.050" errors="0" timestamp="2021-06-27T14:56:01 IST" skipped="0">
  <testcase classname="testcasses.Test2" name="doLogin" time="0.024"/>
  <system-out/>
  <testcase classname="testcasses.Test2" name="deReg" time="0.019"/>
  <system-out/>
  <testcase classname="testcasses.Test2" name="dologout" time="0.007"/>
  <system-out/>
</testsuite> <!-- testcasses.Test2 -->
