<?xml version="1.0" encoding="UTF-8"?>
<!-- Generated by org.testng.reporters.JUnitReportReporter -->
<testsuite hostname="DESKTOP-FCBDKCU" failures="0" tests="3" name="testcasses.Test3" time="0.038" errors="0" timestamp="2021-06-27T14:56:01 IST" skipped="0">
  <testcase classname="testcasses.Test3" name="doLogin" time="0.014"/>
  <system-out/>
  <testcase classname="testcasses.Test3" name="deReg" time="0.012"/>
  <system-out/>
  <testcase classname="testcasses.Test3" name="dologout" time="0.012"/>
  <system-out/>
</testsuite> <!-- testcasses.Test3 -->
